  Controlador.cpp
C:\Users\henry\source\repos\proyecto5\proyecto5\ModGen.h(71,8): error C2678: binary '==': no operator found which takes a left-hand operand of type 'T' (or there is no acceptable conversion)
          with
          [
              T=Equipo
          ]
C:\Users\henry\source\repos\proyecto5\proyecto5\ModGen.h(71,8): message : could be 'built-in C++ operator==(T *, T *)'
          with
          [
              T=Equipo
          ]
C:\Program Files\Microsoft Visual Studio\2022\Community\VC\Tools\MSVC\14.35.32215\include\memory(3483,17): message : or       'bool std::operator ==(std::nullptr_t,const std::unique_ptr<_Ty,_Dx> &) noexcept'
C:\Users\henry\source\repos\proyecto5\proyecto5\ModGen.h(71,8): message : 'bool std::operator ==(std::nullptr_t,const std::unique_ptr<_Ty,_Dx> &) noexcept': could not deduce template argument for 'const std::unique_ptr<_Ty,_Dx> &' from 'T *'
          with
          [
              T=Equipo
          ]
C:\Program Files\Microsoft Visual Studio\2022\Community\VC\Tools\MSVC\14.35.32215\include\memory(3477,30): message : or       'bool std::operator ==(const std::unique_ptr<_Ty,_Dx> &,std::nullptr_t) noexcept'
C:\Users\henry\source\repos\proyecto5\proyecto5\ModGen.h(71,8): message : 'bool std::operator ==(const std::unique_ptr<_Ty,_Dx> &,std::nullptr_t) noexcept': could not deduce template argument for 'const std::unique_ptr<_Ty,_Dx> &' from 'T'
          with
          [
              T=Equipo
          ]
C:\Program Files\Microsoft Visual Studio\2022\Community\VC\Tools\MSVC\14.35.32215\include\memory(3429,30): message : or       'bool std::operator ==(const std::unique_ptr<_Ty,_Dx> &,const std::unique_ptr<_Ty2,_Dx2> &)'
C:\Users\henry\source\repos\proyecto5\proyecto5\ModGen.h(71,8): message : 'bool std::operator ==(const std::unique_ptr<_Ty,_Dx> &,const std::unique_ptr<_Ty2,_Dx2> &)': could not deduce template argument for 'const std::unique_ptr<_Ty,_Dx> &' from 'T'
          with
          [
              T=Equipo
          ]
C:\Program Files\Microsoft Visual Studio\2022\Community\VC\Tools\MSVC\14.35.32215\include\memory(1819,17): message : or       'bool std::operator ==(std::nullptr_t,const std::shared_ptr<_Ty> &) noexcept'
C:\Users\henry\source\repos\proyecto5\proyecto5\ModGen.h(71,8): message : 'bool std::operator ==(std::nullptr_t,const std::shared_ptr<_Ty> &) noexcept': could not deduce template argument for 'const std::shared_ptr<_Ty> &' from 'T *'
          with
          [
              T=Equipo
          ]
C:\Program Files\Microsoft Visual Studio\2022\Community\VC\Tools\MSVC\14.35.32215\include\memory(1808,17): message : or       'bool std::operator ==(const std::shared_ptr<_Ty> &,std::nullptr_t) noexcept'
C:\Users\henry\source\repos\proyecto5\proyecto5\ModGen.h(71,8): message : 'bool std::operator ==(const std::shared_ptr<_Ty> &,std::nullptr_t) noexcept': could not deduce template argument for 'const std::shared_ptr<_Ty> &' from 'T'
          with
          [
              T=Equipo
          ]
C:\Program Files\Microsoft Visual Studio\2022\Community\VC\Tools\MSVC\14.35.32215\include\memory(1771,17): message : or       'bool std::operator ==(const std::shared_ptr<_Ty> &,const std::shared_ptr<_Ty0> &) noexcept'
C:\Users\henry\source\repos\proyecto5\proyecto5\ModGen.h(71,8): message : 'bool std::operator ==(const std::shared_ptr<_Ty> &,const std::shared_ptr<_Ty0> &) noexcept': could not deduce template argument for 'const std::shared_ptr<_Ty> &' from 'T'
          with
          [
              T=Equipo
          ]
C:\Program Files\Microsoft Visual Studio\2022\Community\VC\Tools\MSVC\14.35.32215\include\xstring(5215,17): message : or       'bool std::operator ==(const _Elem *const ,const std::basic_string<_Elem,_Traits,_Alloc> &)'
C:\Users\henry\source\repos\proyecto5\proyecto5\ModGen.h(71,8): message : 'bool std::operator ==(const _Elem *const ,const std::basic_string<_Elem,_Traits,_Alloc> &)': could not deduce template argument for 'const _Elem *const ' from 'T'
          with
          [
              T=Equipo
          ]
C:\Program Files\Microsoft Visual Studio\2022\Community\VC\Tools\MSVC\14.35.32215\include\xstring(5196,30): message : or       'bool std::operator ==(const std::basic_string<_Elem,_Traits,_Alloc> &,const _Elem *const )'
C:\Users\henry\source\repos\proyecto5\proyecto5\ModGen.h(71,8): message : 'bool std::operator ==(const std::basic_string<_Elem,_Traits,_Alloc> &,const _Elem *const )': could not deduce template argument for 'const std::basic_string<_Elem,_Traits,_Alloc> &' from 'T'
          with
          [
              T=Equipo
          ]
C:\Program Files\Microsoft Visual Studio\2022\Community\VC\Tools\MSVC\14.35.32215\include\xstring(5190,30): message : or       'bool std::operator ==(const std::basic_string<_Elem,_Traits,_Alloc> &,const std::basic_string<_Elem,_Traits,_Alloc> &) noexcept'
C:\Users\henry\source\repos\proyecto5\proyecto5\ModGen.h(71,8): message : 'bool std::operator ==(const std::basic_string<_Elem,_Traits,_Alloc> &,const std::basic_string<_Elem,_Traits,_Alloc> &) noexcept': could not deduce template argument for 'const std::basic_string<_Elem,_Traits,_Alloc> &' from 'T'
          with
          [
              T=Equipo
          ]
C:\Program Files\Microsoft Visual Studio\2022\Community\VC\Tools\MSVC\14.35.32215\include\xmemory(894,30): message : or       'bool std::operator ==(const std::allocator<_Ty> &,const std::allocator<_Other> &) noexcept'
C:\Users\henry\source\repos\proyecto5\proyecto5\ModGen.h(71,8): message : 'bool std::operator ==(const std::allocator<_Ty> &,const std::allocator<_Other> &) noexcept': could not deduce template argument for 'const std::allocator<_Ty> &' from 'T'
          with
          [
              T=Equipo
          ]
C:\Program Files\Microsoft Visual Studio\2022\Community\VC\Tools\MSVC\14.35.32215\include\iterator(489,17): message : or       'bool std::operator ==(const std::istreambuf_iterator<_Elem,_Traits> &,const std::istreambuf_iterator<_Elem,_Traits> &)'
C:\Users\henry\source\repos\proyecto5\proyecto5\ModGen.h(71,8): message : 'bool std::operator ==(const std::istreambuf_iterator<_Elem,_Traits> &,const std::istreambuf_iterator<_Elem,_Traits> &)': could not deduce template argument for 'const std::istreambuf_iterator<_Elem,_Traits> &' from 'T'
          with
          [
              T=Equipo
          ]
C:\Program Files\Microsoft Visual Studio\2022\Community\VC\Tools\MSVC\14.35.32215\include\iterator(307,17): message : or       'bool std::operator ==(const std::istream_iterator<_Ty,_Elem,_Traits,_Diff> &,const std::istream_iterator<_Ty,_Elem,_Traits,_Diff> &) noexcept'
C:\Users\henry\source\repos\proyecto5\proyecto5\ModGen.h(71,8): message : 'bool std::operator ==(const std::istream_iterator<_Ty,_Elem,_Traits,_Diff> &,const std::istream_iterator<_Ty,_Elem,_Traits,_Diff> &) noexcept': could not deduce template argument for 'const std::istream_iterator<_Ty,_Elem,_Traits,_Diff> &' from 'T'
          with
          [
              T=Equipo
          ]
C:\Program Files\Microsoft Visual Studio\2022\Community\VC\Tools\MSVC\14.35.32215\include\xutility(3969,5): message : or       'bool std::operator ==(const std::move_iterator<_Iter> &,const std::move_iterator<_Iter2> &) noexcept(<expr>)'
C:\Users\henry\source\repos\proyecto5\proyecto5\ModGen.h(71,8): message : 'bool std::operator ==(const std::move_iterator<_Iter> &,const std::move_iterator<_Iter2> &) noexcept(<expr>)': could not deduce template argument for 'const std::move_iterator<_Iter> &' from 'T'
          with
          [
              T=Equipo
          ]
C:\Program Files\Microsoft Visual Studio\2022\Community\VC\Tools\MSVC\14.35.32215\include\xutility(1441,5): message : or       'bool std::operator ==(const std::reverse_iterator<_BidIt> &,const std::reverse_iterator<_BidIt2> &) noexcept(<expr>)'
C:\Users\henry\source\repos\proyecto5\proyecto5\ModGen.h(71,8): message : 'bool std::operator ==(const std::reverse_iterator<_BidIt> &,const std::reverse_iterator<_BidIt2> &) noexcept(<expr>)': could not deduce template argument for 'const std::reverse_iterator<_BidIt> &' from 'T'
          with
          [
              T=Equipo
          ]
C:\Program Files\Microsoft Visual Studio\2022\Community\VC\Tools\MSVC\14.35.32215\include\utility(367,27): message : or       'bool std::operator ==(const std::pair<_Ty1,_Ty2> &,const std::pair<_Ty1,_Ty2> &)'
C:\Users\henry\source\repos\proyecto5\proyecto5\ModGen.h(71,8): message : 'bool std::operator ==(const std::pair<_Ty1,_Ty2> &,const std::pair<_Ty1,_Ty2> &)': could not deduce template argument for 'const std::pair<_Ty1,_Ty2> &' from 'T'
          with
          [
              T=Equipo
          ]
C:\Users\henry\source\repos\proyecto5\proyecto5\ModGen.h(71,8): message : while trying to match the argument list '(T, T *)'
          with
          [
              T=Equipo
          ]
C:\Users\henry\source\repos\proyecto5\proyecto5\ModGen.h(68,1): message : while compiling class template member function 'T *ModGen<T>::buscar(T *)'
          with
          [
              T=Equipo
          ]
C:\Users\henry\source\repos\proyecto5\proyecto5\Controlador.cpp(44,21): message : see reference to function template instantiation 'T *ModGen<T>::buscar(T *)' being compiled
          with
          [
              T=Equipo
          ]
C:\Users\henry\source\repos\proyecto5\proyecto5\Grupo.h(11,17): message : see reference to class template instantiation 'ModGen<Equipo>' being compiled
C:\Users\henry\source\repos\proyecto5\proyecto5\ModGen.h(71,8): error C2678: binary '==': no operator found which takes a left-hand operand of type 'T' (or there is no acceptable conversion)
          with
          [
              T=Competencia
          ]
C:\Users\henry\source\repos\proyecto5\proyecto5\ModGen.h(71,8): message : could be 'built-in C++ operator==(T *, T *)'
          with
          [
              T=Competencia
          ]
C:\Program Files\Microsoft Visual Studio\2022\Community\VC\Tools\MSVC\14.35.32215\include\memory(3483,17): message : or       'bool std::operator ==(std::nullptr_t,const std::unique_ptr<_Ty,_Dx> &) noexcept'
C:\Users\henry\source\repos\proyecto5\proyecto5\ModGen.h(71,8): message : 'bool std::operator ==(std::nullptr_t,const std::unique_ptr<_Ty,_Dx> &) noexcept': could not deduce template argument for 'const std::unique_ptr<_Ty,_Dx> &' from 'T *'
          with
          [
              T=Competencia
          ]
C:\Program Files\Microsoft Visual Studio\2022\Community\VC\Tools\MSVC\14.35.32215\include\memory(3477,30): message : or       'bool std::operator ==(const std::unique_ptr<_Ty,_Dx> &,std::nullptr_t) noexcept'
C:\Users\henry\source\repos\proyecto5\proyecto5\ModGen.h(71,8): message : 'bool std::operator ==(const std::unique_ptr<_Ty,_Dx> &,std::nullptr_t) noexcept': could not deduce template argument for 'const std::unique_ptr<_Ty,_Dx> &' from 'T'
          with
          [
              T=Competencia
          ]
C:\Program Files\Microsoft Visual Studio\2022\Community\VC\Tools\MSVC\14.35.32215\include\memory(3429,30): message : or       'bool std::operator ==(const std::unique_ptr<_Ty,_Dx> &,const std::unique_ptr<_Ty2,_Dx2> &)'
C:\Users\henry\source\repos\proyecto5\proyecto5\ModGen.h(71,8): message : 'bool std::operator ==(const std::unique_ptr<_Ty,_Dx> &,const std::unique_ptr<_Ty2,_Dx2> &)': could not deduce template argument for 'const std::unique_ptr<_Ty,_Dx> &' from 'T'
          with
          [
              T=Competencia
          ]
C:\Program Files\Microsoft Visual Studio\2022\Community\VC\Tools\MSVC\14.35.32215\include\memory(1819,17): message : or       'bool std::operator ==(std::nullptr_t,const std::shared_ptr<_Ty> &) noexcept'
C:\Users\henry\source\repos\proyecto5\proyecto5\ModGen.h(71,8): message : 'bool std::operator ==(std::nullptr_t,const std::shared_ptr<_Ty> &) noexcept': could not deduce template argument for 'const std::shared_ptr<_Ty> &' from 'T *'
          with
          [
              T=Competencia
          ]
C:\Program Files\Microsoft Visual Studio\2022\Community\VC\Tools\MSVC\14.35.32215\include\memory(1808,17): message : or       'bool std::operator ==(const std::shared_ptr<_Ty> &,std::nullptr_t) noexcept'
C:\Users\henry\source\repos\proyecto5\proyecto5\ModGen.h(71,8): message : 'bool std::operator ==(const std::shared_ptr<_Ty> &,std::nullptr_t) noexcept': could not deduce template argument for 'const std::shared_ptr<_Ty> &' from 'T'
          with
          [
              T=Competencia
          ]
C:\Program Files\Microsoft Visual Studio\2022\Community\VC\Tools\MSVC\14.35.32215\include\memory(1771,17): message : or       'bool std::operator ==(const std::shared_ptr<_Ty> &,const std::shared_ptr<_Ty0> &) noexcept'
C:\Users\henry\source\repos\proyecto5\proyecto5\ModGen.h(71,8): message : 'bool std::operator ==(const std::shared_ptr<_Ty> &,const std::shared_ptr<_Ty0> &) noexcept': could not deduce template argument for 'const std::shared_ptr<_Ty> &' from 'T'
          with
          [
              T=Competencia
          ]
C:\Program Files\Microsoft Visual Studio\2022\Community\VC\Tools\MSVC\14.35.32215\include\xstring(5215,17): message : or       'bool std::operator ==(const _Elem *const ,const std::basic_string<_Elem,_Traits,_Alloc> &)'
C:\Users\henry\source\repos\proyecto5\proyecto5\ModGen.h(71,8): message : 'bool std::operator ==(const _Elem *const ,const std::basic_string<_Elem,_Traits,_Alloc> &)': could not deduce template argument for 'const _Elem *const ' from 'T'
          with
          [
              T=Competencia
          ]
C:\Program Files\Microsoft Visual Studio\2022\Community\VC\Tools\MSVC\14.35.32215\include\xstring(5196,30): message : or       'bool std::operator ==(const std::basic_string<_Elem,_Traits,_Alloc> &,const _Elem *const )'
C:\Users\henry\source\repos\proyecto5\proyecto5\ModGen.h(71,8): message : 'bool std::operator ==(const std::basic_string<_Elem,_Traits,_Alloc> &,const _Elem *const )': could not deduce template argument for 'const std::basic_string<_Elem,_Traits,_Alloc> &' from 'T'
          with
          [
              T=Competencia
          ]
C:\Program Files\Microsoft Visual Studio\2022\Community\VC\Tools\MSVC\14.35.32215\include\xstring(5190,30): message : or       'bool std::operator ==(const std::basic_string<_Elem,_Traits,_Alloc> &,const std::basic_string<_Elem,_Traits,_Alloc> &) noexcept'
C:\Users\henry\source\repos\proyecto5\proyecto5\ModGen.h(71,8): message : 'bool std::operator ==(const std::basic_string<_Elem,_Traits,_Alloc> &,const std::basic_string<_Elem,_Traits,_Alloc> &) noexcept': could not deduce template argument for 'const std::basic_string<_Elem,_Traits,_Alloc> &' from 'T'
          with
          [
              T=Competencia
          ]
C:\Program Files\Microsoft Visual Studio\2022\Community\VC\Tools\MSVC\14.35.32215\include\xmemory(894,30): message : or       'bool std::operator ==(const std::allocator<_Ty> &,const std::allocator<_Other> &) noexcept'
C:\Users\henry\source\repos\proyecto5\proyecto5\ModGen.h(71,8): message : 'bool std::operator ==(const std::allocator<_Ty> &,const std::allocator<_Other> &) noexcept': could not deduce template argument for 'const std::allocator<_Ty> &' from 'T'
          with
          [
              T=Competencia
          ]
C:\Program Files\Microsoft Visual Studio\2022\Community\VC\Tools\MSVC\14.35.32215\include\iterator(489,17): message : or       'bool std::operator ==(const std::istreambuf_iterator<_Elem,_Traits> &,const std::istreambuf_iterator<_Elem,_Traits> &)'
C:\Users\henry\source\repos\proyecto5\proyecto5\ModGen.h(71,8): message : 'bool std::operator ==(const std::istreambuf_iterator<_Elem,_Traits> &,const std::istreambuf_iterator<_Elem,_Traits> &)': could not deduce template argument for 'const std::istreambuf_iterator<_Elem,_Traits> &' from 'T'
          with
          [
              T=Competencia
          ]
C:\Program Files\Microsoft Visual Studio\2022\Community\VC\Tools\MSVC\14.35.32215\include\iterator(307,17): message : or       'bool std::operator ==(const std::istream_iterator<_Ty,_Elem,_Traits,_Diff> &,const std::istream_iterator<_Ty,_Elem,_Traits,_Diff> &) noexcept'
C:\Users\henry\source\repos\proyecto5\proyecto5\ModGen.h(71,8): message : 'bool std::operator ==(const std::istream_iterator<_Ty,_Elem,_Traits,_Diff> &,const std::istream_iterator<_Ty,_Elem,_Traits,_Diff> &) noexcept': could not deduce template argument for 'const std::istream_iterator<_Ty,_Elem,_Traits,_Diff> &' from 'T'
          with
          [
              T=Competencia
          ]
C:\Program Files\Microsoft Visual Studio\2022\Community\VC\Tools\MSVC\14.35.32215\include\xutility(3969,5): message : or       'bool std::operator ==(const std::move_iterator<_Iter> &,const std::move_iterator<_Iter2> &) noexcept(<expr>)'
C:\Users\henry\source\repos\proyecto5\proyecto5\ModGen.h(71,8): message : 'bool std::operator ==(const std::move_iterator<_Iter> &,const std::move_iterator<_Iter2> &) noexcept(<expr>)': could not deduce template argument for 'const std::move_iterator<_Iter> &' from 'T'
          with
          [
              T=Competencia
          ]
C:\Program Files\Microsoft Visual Studio\2022\Community\VC\Tools\MSVC\14.35.32215\include\xutility(1441,5): message : or       'bool std::operator ==(const std::reverse_iterator<_BidIt> &,const std::reverse_iterator<_BidIt2> &) noexcept(<expr>)'
C:\Users\henry\source\repos\proyecto5\proyecto5\ModGen.h(71,8): message : 'bool std::operator ==(const std::reverse_iterator<_BidIt> &,const std::reverse_iterator<_BidIt2> &) noexcept(<expr>)': could not deduce template argument for 'const std::reverse_iterator<_BidIt> &' from 'T'
          with
          [
              T=Competencia
          ]
C:\Program Files\Microsoft Visual Studio\2022\Community\VC\Tools\MSVC\14.35.32215\include\utility(367,27): message : or       'bool std::operator ==(const std::pair<_Ty1,_Ty2> &,const std::pair<_Ty1,_Ty2> &)'
C:\Users\henry\source\repos\proyecto5\proyecto5\ModGen.h(71,8): message : 'bool std::operator ==(const std::pair<_Ty1,_Ty2> &,const std::pair<_Ty1,_Ty2> &)': could not deduce template argument for 'const std::pair<_Ty1,_Ty2> &' from 'T'
          with
          [
              T=Competencia
          ]
C:\Users\henry\source\repos\proyecto5\proyecto5\ModGen.h(71,8): message : while trying to match the argument list '(T, T *)'
          with
          [
              T=Competencia
          ]
C:\Users\henry\source\repos\proyecto5\proyecto5\ModGen.h(68,1): message : while compiling class template member function 'T *ModGen<T>::buscar(T *)'
          with
          [
              T=Competencia
          ]
C:\Users\henry\source\repos\proyecto5\proyecto5\Controlador.cpp(91,26): message : see reference to function template instantiation 'T *ModGen<T>::buscar(T *)' being compiled
          with
          [
              T=Competencia
          ]
C:\Users\henry\source\repos\proyecto5\proyecto5\Controlador.h(13,22): message : see reference to class template instantiation 'ModGen<Competencia>' being compiled
